#
# There is insufficient memory for the Java Runtime Environment to continue.
# Native memory allocation (malloc) failed to allocate 1212336 bytes for Chunk::new
# Possible reasons:
#   The system is out of physical RAM or swap space
#   In 32 bit mode, the process size limit was hit
# Possible solutions:
#   Reduce memory load on the system
#   Increase physical memory or swap space
#   Check if swap backing store is full
#   Use 64 bit Java on a 64 bit OS
#   Decrease Java heap size (-Xmx/-Xms)
#   Decrease number of Java threads
#   Decrease Java thread stack sizes (-Xss)
#   Set larger code cache with -XX:ReservedCodeCacheSize=
# This output file may be truncated or incomplete.
#
#  Out of Memory Error (allocation.cpp:390), pid=377988, tid=391704
#
# JRE version: Java(TM) SE Runtime Environment (8.0_91-b15) (build 1.8.0_91-b15)
# Java VM: Java HotSpot(TM) 64-Bit Server VM (25.91-b15 mixed mode windows-amd64 compressed oops)
# Failed to write core dump. Minidumps are not enabled by default on client versions of Windows
#

---------------  T H R E A D  ---------------

Current thread (0x00000000189b3000):  JavaThread "C2 CompilerThread1" daemon [_thread_in_native, id=391704, stack(0x0000000019280000,0x0000000019380000)]

Stack: [0x0000000019280000,0x0000000019380000]
[error occurred during error reporting (printing stack bounds), id 0xc0000005]

Native frames: (J=compiled Java code, j=interpreted, Vv=VM code, C=native code)


Current CompileTask:
C2:  15956 2712       4       java.security.SecureClassLoader::defineClass (16 bytes)


---------------  P R O C E S S  ---------------

Java Threads: ( => current thread )
  0x000000001aad4800 JavaThread "Cache worker for execution history cache (C:\Users\60250\.gradle\caches\5.4.1\executionHistory)" [_thread_blocked, id=392644, stack(0x0000000021350000,0x0000000021450000)]
  0x000000001aadb000 JavaThread "Cache worker for cache directory md-rule (C:\Users\60250\.gradle\caches\5.4.1\md-rule)" [_thread_blocked, id=392240, stack(0x0000000020bb0000,0x0000000020cb0000)]
  0x000000001aad9800 JavaThread "Cache worker for cache directory md-supplier (C:\Users\60250\.gradle\caches\5.4.1\md-supplier)" [_thread_blocked, id=382604, stack(0x000000001f810000,0x000000001f910000)]
  0x000000001aad6000 JavaThread "Cache worker for file hash cache (K:\Android\NoteBook\.gradle\5.4.1\fileHashes)" [_thread_blocked, id=392444, stack(0x000000001e4a0000,0x000000001e5a0000)]
  0x000000001aad8000 JavaThread "File lock release action executor" [_thread_blocked, id=389176, stack(0x000000001c400000,0x000000001c500000)]
  0x000000001aad5000 JavaThread "Cache worker for journal cache (C:\Users\60250\.gradle\caches\journal-1)" [_thread_blocked, id=383684, stack(0x000000001c100000,0x000000001c200000)]
  0x000000001aad7800 JavaThread "File lock request listener" [_thread_in_native, id=391760, stack(0x000000001c000000,0x000000001c100000)]
  0x000000001aad6800 JavaThread "Cache worker for file hash cache (C:\Users\60250\.gradle\caches\5.4.1\fileHashes)" [_thread_blocked, id=393160, stack(0x000000001bf00000,0x000000001c000000)]
  0x000000001aa90800 JavaThread "Thread-9" [_thread_blocked, id=390816, stack(0x000000001be00000,0x000000001bf00000)]
  0x000000001aa69000 JavaThread "Stdin handler" [_thread_blocked, id=392992, stack(0x000000001bd00000,0x000000001be00000)]
  0x000000001aa67800 JavaThread "Asynchronous log dispatcher for DefaultDaemonConnection: socket connection from /127.0.0.1:58700 to /127.0.0.1:58701" [_thread_blocked, id=377368, stack(0x000000001bb00000,0x000000001bc00000)]
  0x000000001aa94000 JavaThread "Daemon worker" [_thread_in_native, id=380744, stack(0x000000001ba00000,0x000000001bb00000)]
  0x000000001aa93000 JavaThread "Cancel handler" [_thread_blocked, id=380444, stack(0x000000001b900000,0x000000001ba00000)]
  0x000000001a98e800 JavaThread "Handler for socket connection from /127.0.0.1:58700 to /127.0.0.1:58701" [_thread_in_native, id=379428, stack(0x000000001b600000,0x000000001b700000)]
  0x000000001a991000 JavaThread "Daemon" [_thread_blocked, id=382888, stack(0x000000001b500000,0x000000001b600000)]
  0x000000001a98a800 JavaThread "Daemon periodic checks" [_thread_blocked, id=366680, stack(0x000000001b400000,0x000000001b500000)]
  0x000000001aa0c000 JavaThread "Incoming local TCP Connector on port 58700" [_thread_in_native, id=375672, stack(0x000000001b250000,0x000000001b350000)]
  0x000000001a926800 JavaThread "Daemon health stats" [_thread_blocked, id=389496, stack(0x000000001af50000,0x000000001b050000)]
  0x0000000018a0f000 JavaThread "Service Thread" daemon [_thread_blocked, id=389196, stack(0x0000000019580000,0x0000000019680000)]
  0x0000000018a0a000 JavaThread "C1 CompilerThread3" daemon [_thread_blocked, id=392760, stack(0x0000000019480000,0x0000000019580000)]
  0x0000000018a03000 JavaThread "C2 CompilerThread2" daemon [_thread_blocked, id=390504, stack(0x0000000019380000,0x0000000019480000)]
=>0x00000000189b3000 JavaThread "C2 CompilerThread1" daemon [_thread_in_native, id=391704, stack(0x0000000019280000,0x0000000019380000)]
  0x00000000189b0000 JavaThread "C2 CompilerThread0" daemon [_thread_blocked, id=393156, stack(0x0000000019180000,0x0000000019280000)]
  0x00000000189ae000 JavaThread "Attach Listener" daemon [_thread_blocked, id=391128, stack(0x0000000019080000,0x0000000019180000)]
  0x00000000189ad800 JavaThread "Signal Dispatcher" daemon [_thread_blocked, id=379368, stack(0x0000000018f80000,0x0000000019080000)]
  0x0000000002c98800 JavaThread "Finalizer" daemon [_thread_blocked, id=389900, stack(0x0000000018d20000,0x0000000018e20000)]
  0x0000000002c95000 JavaThread "Reference Handler" daemon [_thread_blocked, id=392244, stack(0x0000000018820000,0x0000000018920000)]
  0x000000000284e800 JavaThread "main" [_thread_blocked, id=391268, stack(0x00000000026f0000,0x00000000027f0000)]

Other Threads:
  0x0000000016a59800 VMThread [stack: 0x0000000018720000,0x0000000018820000] [id=392160]
  0x0000000018a2f800 WatcherThread [stack: 0x0000000019680000,0x0000000019780000] [id=392304]

VM state:not at safepoint (normal execution)

VM Mutex/Monitor currently owned by a thread: None

Heap:
 PSYoungGen      total 122368K, used 101595K [0x00000000e0000000, 0x00000000e9000000, 0x0000000100000000)
  eden space 114688K, 82% used [0x00000000e0000000,0x00000000e5c034a8,0x00000000e7000000)
  from space 7680K, 96% used [0x00000000e8880000,0x00000000e8fb3a90,0x00000000e9000000)
  to   space 10752K, 0% used [0x00000000e7b00000,0x00000000e7b00000,0x00000000e8580000)
 ParOldGen       total 91136K, used 12322K [0x00000000a0000000, 0x00000000a5900000, 0x00000000e0000000)
  object space 91136K, 13% used [0x00000000a0000000,0x00000000a0c088c8,0x00000000a5900000)
 Metaspace       used 33739K, capacity 34526K, committed 34688K, reserved 1081344K
  class space    used 4764K, capacity 4982K, committed 4992K, reserved 1048576K

Card table byte_map: [0x0000000012060000,0x0000000012370000] byte_map_base: 0x0000000011b60000

Marking Bits: (ParMarkBitMap*) 0x000000006d4a2f70
 Begin Bits: [0x0000000012d70000, 0x0000000014570000)
 End Bits:   [0x0000000014570000, 0x0000000015d70000)

Polling page: 0x0000000000df0000

CodeCache: size=245760Kb used=9513Kb max_used=9513Kb free=236246Kb
 bounds [0x0000000002ca0000, 0x0000000003600000, 0x0000000011ca0000]
 total_blobs=3215 nmethods=2532 adapters=595
 compilation: enabled

Compilation events (10 events):
Event: 15.651 Thread 0x0000000018a0a000 2725       3       org.codehaus.groovy.reflection.CachedClass$3::initValue (235 bytes)
Event: 15.652 Thread 0x0000000018a03000 2726       4       java.security.CodeSource::hashCode (17 bytes)
Event: 15.654 Thread 0x0000000018a0a000 nmethod 2725 0x00000000035d0710 code [0x00000000035d0b00, 0x00000000035d2fb8]
Event: 15.655 Thread 0x0000000018a03000 nmethod 2726 0x00000000035cb7d0 code [0x00000000035cb920, 0x00000000035cbd68]
Event: 15.655 Thread 0x0000000018a0a000 2727       3       groovyjarjarasm.asm.Frame::getLocal (46 bytes)
Event: 15.656 Thread 0x0000000018a0a000 nmethod 2727 0x00000000035cb350 code [0x00000000035cb4c0, 0x00000000035cb710]
Event: 15.656 Thread 0x0000000018a0a000 2728       3       groovyjarjarasm.asm.Frame::pop (44 bytes)
Event: 15.656 Thread 0x0000000018a0a000 nmethod 2728 0x00000000035caf90 code [0x00000000035cb0e0, 0x00000000035cb2b0]
Event: 15.656 Thread 0x0000000018a0a000 2729       3       groovyjarjarasm.asm.Label::getCanonicalInstance (19 bytes)
Event: 15.656 Thread 0x0000000018a0a000 nmethod 2729 0x00000000035cabd0 code [0x00000000035cad20, 0x00000000035caed0]

GC Heap History (10 events):
Event: 4.614 GC heap before
{Heap before GC invocations=1 (full 0):
 PSYoungGen      total 75264K, used 64512K [0x00000000e0000000, 0x00000000e5400000, 0x0000000100000000)
  eden space 64512K, 100% used [0x00000000e0000000,0x00000000e3f00000,0x00000000e3f00000)
  from space 10752K, 0% used [0x00000000e4980000,0x00000000e4980000,0x00000000e5400000)
  to   space 10752K, 0% used [0x00000000e3f00000,0x00000000e3f00000,0x00000000e4980000)
 ParOldGen       total 172032K, used 0K [0x00000000a0000000, 0x00000000aa800000, 0x00000000e0000000)
  object space 172032K, 0% used [0x00000000a0000000,0x00000000a0000000,0x00000000aa800000)
 Metaspace       used 8171K, capacity 8436K, committed 8576K, reserved 1056768K
  class space    used 1068K, capacity 1112K, committed 1152K, reserved 1048576K
Event: 4.624 GC heap after
Heap after GC invocations=1 (full 0):
 PSYoungGen      total 75264K, used 6776K [0x00000000e0000000, 0x00000000e5400000, 0x0000000100000000)
  eden space 64512K, 0% used [0x00000000e0000000,0x00000000e0000000,0x00000000e3f00000)
  from space 10752K, 63% used [0x00000000e3f00000,0x00000000e459e0a0,0x00000000e4980000)
  to   space 10752K, 0% used [0x00000000e4980000,0x00000000e4980000,0x00000000e5400000)
 ParOldGen       total 172032K, used 16K [0x00000000a0000000, 0x00000000aa800000, 0x00000000e0000000)
  object space 172032K, 0% used [0x00000000a0000000,0x00000000a0004000,0x00000000aa800000)
 Metaspace       used 8171K, capacity 8436K, committed 8576K, reserved 1056768K
  class space    used 1068K, capacity 1112K, committed 1152K, reserved 1048576K
}
Event: 8.465 GC heap before
{Heap before GC invocations=2 (full 0):
 PSYoungGen      total 75264K, used 71288K [0x00000000e0000000, 0x00000000e5400000, 0x0000000100000000)
  eden space 64512K, 100% used [0x00000000e0000000,0x00000000e3f00000,0x00000000e3f00000)
  from space 10752K, 63% used [0x00000000e3f00000,0x00000000e459e0a0,0x00000000e4980000)
  to   space 10752K, 0% used [0x00000000e4980000,0x00000000e4980000,0x00000000e5400000)
 ParOldGen       total 172032K, used 16K [0x00000000a0000000, 0x00000000aa800000, 0x00000000e0000000)
  object space 172032K, 0% used [0x00000000a0000000,0x00000000a0004000,0x00000000aa800000)
 Metaspace       used 15227K, capacity 15642K, committed 15744K, reserved 1062912K
  class space    used 2214K, capacity 2363K, committed 2432K, reserved 1048576K
Event: 8.665 GC heap after
Heap after GC invocations=2 (full 0):
 PSYoungGen      total 75264K, used 10118K [0x00000000e0000000, 0x00000000e9300000, 0x0000000100000000)
  eden space 64512K, 0% used [0x00000000e0000000,0x00000000e0000000,0x00000000e3f00000)
  from space 10752K, 94% used [0x00000000e4980000,0x00000000e5361870,0x00000000e5400000)
  to   space 10752K, 0% used [0x00000000e3f00000,0x00000000e3f00000,0x00000000e4980000)
 ParOldGen       total 172032K, used 24K [0x00000000a0000000, 0x00000000aa800000, 0x00000000e0000000)
  object space 172032K, 0% used [0x00000000a0000000,0x00000000a0006000,0x00000000aa800000)
 Metaspace       used 15227K, capacity 15642K, committed 15744K, reserved 1062912K
  class space    used 2214K, capacity 2363K, committed 2432K, reserved 1048576K
}
Event: 10.147 GC heap before
{Heap before GC invocations=3 (full 0):
 PSYoungGen      total 75264K, used 66550K [0x00000000e0000000, 0x00000000e9300000, 0x0000000100000000)
  eden space 64512K, 87% used [0x00000000e0000000,0x00000000e371c108,0x00000000e3f00000)
  from space 10752K, 94% used [0x00000000e4980000,0x00000000e5361870,0x00000000e5400000)
  to   space 10752K, 0% used [0x00000000e3f00000,0x00000000e3f00000,0x00000000e4980000)
 ParOldGen       total 172032K, used 24K [0x00000000a0000000, 0x00000000aa800000, 0x00000000e0000000)
  object space 172032K, 0% used [0x00000000a0000000,0x00000000a0006000,0x00000000aa800000)
 Metaspace       used 20602K, capacity 21142K, committed 21248K, reserved 1067008K
  class space    used 3045K, capacity 3222K, committed 3328K, reserved 1048576K
Event: 10.161 GC heap after
Heap after GC invocations=3 (full 0):
 PSYoungGen      total 75264K, used 10748K [0x00000000e0000000, 0x00000000e9300000, 0x0000000100000000)
  eden space 64512K, 0% used [0x00000000e0000000,0x00000000e0000000,0x00000000e3f00000)
  from space 10752K, 99% used [0x00000000e3f00000,0x00000000e497f2b0,0x00000000e4980000)
  to   space 10752K, 0% used [0x00000000e8880000,0x00000000e8880000,0x00000000e9300000)
 ParOldGen       total 172032K, used 2025K [0x00000000a0000000, 0x00000000aa800000, 0x00000000e0000000)
  object space 172032K, 1% used [0x00000000a0000000,0x00000000a01fa698,0x00000000aa800000)
 Metaspace       used 20602K, capacity 21142K, committed 21248K, reserved 1067008K
  class space    used 3045K, capacity 3222K, committed 3328K, reserved 1048576K
}
Event: 10.161 GC heap before
{Heap before GC invocations=4 (full 1):
 PSYoungGen      total 75264K, used 10748K [0x00000000e0000000, 0x00000000e9300000, 0x0000000100000000)
  eden space 64512K, 0% used [0x00000000e0000000,0x00000000e0000000,0x00000000e3f00000)
  from space 10752K, 99% used [0x00000000e3f00000,0x00000000e497f2b0,0x00000000e4980000)
  to   space 10752K, 0% used [0x00000000e8880000,0x00000000e8880000,0x00000000e9300000)
 ParOldGen       total 172032K, used 2025K [0x00000000a0000000, 0x00000000aa800000, 0x00000000e0000000)
  object space 172032K, 1% used [0x00000000a0000000,0x00000000a01fa698,0x00000000aa800000)
 Metaspace       used 20602K, capacity 21142K, committed 21248K, reserved 1067008K
  class space    used 3045K, capacity 3222K, committed 3328K, reserved 1048576K
Event: 10.209 GC heap after
Heap after GC invocations=4 (full 1):
 PSYoungGen      total 75264K, used 0K [0x00000000e0000000, 0x00000000e9300000, 0x0000000100000000)
  eden space 64512K, 0% used [0x00000000e0000000,0x00000000e0000000,0x00000000e3f00000)
  from space 10752K, 0% used [0x00000000e3f00000,0x00000000e3f00000,0x00000000e4980000)
  to   space 10752K, 0% used [0x00000000e8880000,0x00000000e8880000,0x00000000e9300000)
 ParOldGen       total 91136K, used 12314K [0x00000000a0000000, 0x00000000a5900000, 0x00000000e0000000)
  object space 91136K, 13% used [0x00000000a0000000,0x00000000a0c068c8,0x00000000a5900000)
 Metaspace       used 20602K, capacity 21142K, committed 21248K, reserved 1067008K
  class space    used 3045K, capacity 3222K, committed 3328K, reserved 1048576K
}
Event: 12.011 GC heap before
{Heap before GC invocations=5 (full 1):
 PSYoungGen      total 75264K, used 64512K [0x00000000e0000000, 0x00000000e9300000, 0x0000000100000000)
  eden space 64512K, 100% used [0x00000000e0000000,0x00000000e3f00000,0x00000000e3f00000)
  from space 10752K, 0% used [0x00000000e3f00000,0x00000000e3f00000,0x00000000e4980000)
  to   space 10752K, 0% used [0x00000000e8880000,0x00000000e8880000,0x00000000e9300000)
 ParOldGen       total 91136K, used 12314K [0x00000000a0000000, 0x00000000a5900000, 0x00000000e0000000)
  object space 91136K, 13% used [0x00000000a0000000,0x00000000a0c068c8,0x00000000a5900000)
 Metaspace       used 28157K, capacity 28754K, committed 29056K, reserved 1075200K
  class space    used 3968K, capacity 4158K, committed 4224K, reserved 1048576K
Event: 12.021 GC heap after
Heap after GC invocations=5 (full 1):
 PSYoungGen      total 122368K, used 7374K [0x00000000e0000000, 0x00000000e9000000, 0x0000000100000000)
  eden space 114688K, 0% used [0x00000000e0000000,0x00000000e0000000,0x00000000e7000000)
  from space 7680K, 96% used [0x00000000e8880000,0x00000000e8fb3a90,0x00000000e9000000)
  to   space 10752K, 0% used [0x00000000e7b00000,0x00000000e7b00000,0x00000000e8580000)
 ParOldGen       total 91136K, used 12322K [0x00000000a0000000, 0x00000000a5900000, 0x00000000e0000000)
  object space 91136K, 13% used [0x00000000a0000000,0x00000000a0c088c8,0x00000000a5900000)
 Metaspace       used 28157K, capacity 28754K, committed 29056K, reserved 1075200K
  class space    used 3968K, capacity 4158K, committed 4224K, reserved 1048576K
}

Deoptimization events (10 events):
Event: 13.985 Thread 0x000000001aa94000 Uncommon trap: reason=unstable_if action=reinterpret pc=0x00000000034ad158 method=org.codehaus.groovy.runtime.metaclass.MetaMethodIndex.addMethodToList(Ljava/lang/Object;Lgroovy/lang/MetaMethod;)Ljava/lang/Object; @ 226
Event: 13.997 Thread 0x000000001aa94000 Uncommon trap: reason=unstable_if action=reinterpret pc=0x00000000034f5520 method=java.lang.Class$MethodArray.addIfNotPresent(Ljava/lang/reflect/Method;)V @ 19
Event: 13.997 Thread 0x000000001aa94000 Uncommon trap: reason=unstable_if action=reinterpret pc=0x000000000345c93c method=java.lang.Class$MethodArray.addIfNotPresent(Ljava/lang/reflect/Method;)V @ 19
Event: 14.830 Thread 0x000000001aa94000 Uncommon trap: reason=unstable_if action=reinterpret pc=0x0000000002f088f8 method=java.util.HashMap.getNode(ILjava/lang/Object;)Ljava/util/HashMap$Node; @ 53
Event: 14.830 Thread 0x000000001aa94000 Uncommon trap: reason=unstable_if action=reinterpret pc=0x00000000030f5190 method=java.util.HashMap.hash(Ljava/lang/Object;)I @ 1
Event: 14.831 Thread 0x000000001aa94000 Uncommon trap: reason=unstable_if action=reinterpret pc=0x00000000030f5e14 method=java.util.HashMap.putVal(ILjava/lang/Object;Ljava/lang/Object;ZZ)Ljava/lang/Object; @ 85
Event: 15.546 Thread 0x000000001aa94000 Uncommon trap: reason=unstable_if action=reinterpret pc=0x0000000003440108 method=org.objectweb.asm.ByteVector.putShort(I)Lorg/objectweb/asm/ByteVector; @ 13
Event: 15.559 Thread 0x000000001aa94000 Uncommon trap: reason=unstable_if action=reinterpret pc=0x00000000033d6ad8 method=java.net.URLStreamHandler.sameFile(Ljava/net/URL;Ljava/net/URL;)Z @ 63
Event: 15.568 Thread 0x000000001aa94000 Uncommon trap: reason=unstable_if action=reinterpret pc=0x000000000356881c method=org.objectweb.asm.Type.appendDescriptor(Ljava/lang/Class;Ljava/lang/StringBuilder;)V @ 28
Event: 15.619 Thread 0x000000001aa94000 Uncommon trap: reason=unstable_if action=reinterpret pc=0x00000000035b7668 method=java.lang.ClassLoader.checkCerts(Ljava/lang/String;Ljava/security/CodeSource;)V @ 29

Internal exceptions (10 events):
Event: 15.615 Thread 0x000000001aa94000 Exception <a 'java/lang/ClassNotFoundException': org/codehaus/groovy/reflection/CachedFieldCustomizer> (0x00000000e534f1c8) thrown at [C:\re\workspace\8-2-build-windows-amd64-cygwin\jdk8u91\7017\hotspot\src\share\vm\classfile\systemDictionary.cpp, line 210k]gè</@
Event: 15.619 Thread 0x000000001aa94000 Implicit null exception at 0x00000000035b56fc to 0x00000000035b7659
Event: 15.632 Thread 0x000000001aa94000 Exception <a 'java/lang/ClassNotFoundException': java/util/ArrayListBeanInfo> (0x00000000e5480f20) thrown at [C:\re\workspace\8-2-build-windows-amd64-cygwin\jdk8u91\7017\hotspot\src\share\vm\classfile\systemDictionary.cpp, line 210]
Event: 15.632 Thread 0x000000001aa94000 Exception <a 'java/lang/ClassNotFoundException': java/util/AbstractListBeanInfo> (0x00000000e548a1e8) thrown at [C:\re\workspace\8-2-build-windows-amd64-cygwin\jdk8u91\7017\hotspot\src\share\vm\classfile\systemDictionary.cpp, line 210]
Event: 15.632 Thread 0x000000001aa94000 Exception <a 'java/lang/ClassNotFoundException': java/util/AbstractCollectionBeanInfo> (0x00000000e5494228) thrown at [C:\re\workspace\8-2-build-windows-amd64-cygwin\jdk8u91\7017\hotspot\src\share\vm\classfile\systemDictionary.cpp, line 210]
Event: 15.633 Thread 0x000000001aa94000 Exception <a 'java/lang/ClassNotFoundException': java/util/AbstractCollectionCustomizer> (0x00000000e549e510) thrown at [C:\re\workspace\8-2-build-windows-amd64-cygwin\jdk8u91\7017\hotspot\src\share\vm\classfile\systemDictionary.cpp, line 210]
Event: 15.635 Thread 0x000000001aa94000 Exception <a 'java/lang/ClassNotFoundException': java/util/AbstractListCustomizer> (0x00000000e54b2678) thrown at [C:\re\workspace\8-2-build-windows-amd64-cygwin\jdk8u91\7017\hotspot\src\share\vm\classfile\systemDictionary.cpp, line 210]
Event: 15.636 Thread 0x000000001aa94000 Exception <a 'java/lang/ClassNotFoundException': java/util/ArrayListCustomizer> (0x00000000e54c8d58) thrown at [C:\re\workspace\8-2-build-windows-amd64-cygwin\jdk8u91\7017\hotspot\src\share\vm\classfile\systemDictionary.cpp, line 210]
Event: 15.645 Thread 0x000000001aa94000 Exception <a 'java/lang/ClassNotFoundException': java/util/CollectionBeanInfo> (0x00000000e554e958) thrown at [C:\re\workspace\8-2-build-windows-amd64-cygwin\jdk8u91\7017\hotspot\src\share\vm\classfile\systemDictionary.cpp, line 210]
Event: 15.645 Thread 0x000000001aa94000 Exception <a 'java/lang/ClassNotFoundException': java/util/CollectionCustomizer> (0x00000000e5557bb0) thrown at [C:\re\workspace\8-2-build-windows-amd64-cygwin\jdk8u91\7017\hotspot\src\share\vm\classfile\systemDictionary.cpp, line 210]

Events (10 events):
Event: 15.658 loading class org/gradle/configuration/internal/ExecuteListenerBuildOperationType$1
Event: 15.658 loading class org/gradle/configuration/internal/ExecuteListenerBuildOperationType$1 done
Event: 15.659 loading class org/gradle/configuration/project/NotifyProjectBeforeEvaluatedBuildOperationType
Event: 15.659 loading class org/gradle/configuration/project/NotifyProjectBeforeEvaluatedBuildOperationType done
Event: 15.659 loading class org/gradle/configuration/project/NotifyProjectBeforeEvaluatedBuildOperationType$Result
Event: 15.659 loading class org/gradle/configuration/project/NotifyProjectBeforeEvaluatedBuildOperationType$Result done
Event: 15.659 loading class org/gradle/configuration/project/NotifyProjectBeforeEvaluatedBuildOperationType$1
Event: 15.659 loading class org/gradle/configuration/project/NotifyProjectBeforeEvaluatedBuildOperationType$1 done
Event: 15.660 loading class org/gradle/kotlin/dsl/tooling/builders/KotlinBuildScriptModelBuilder
Event: 15.660 loading class org/gradle/kotlin/dsl/tooling/builders/KotlinBuildScriptModelBuilder done


Dynamic libraries:
0x00007ff6fcda0000 - 0x00007ff6fcdd7000 	C:\Program Files\Java\jdk1.8.0_91\bin\java.exe
0x00007ffb3a350000 - 0x00007ffb3a53d000 	C:\WINDOWS\SYSTEM32\ntdll.dll
0x00007ffb37d20000 - 0x00007ffb37dd3000 	C:\WINDOWS\System32\KERNEL32.DLL
0x00007ffb36ef0000 - 0x00007ffb37183000 	C:\WINDOWS\System32\KERNELBASE.dll
0x00007ffb381b0000 - 0x00007ffb38253000 	C:\WINDOWS\System32\ADVAPI32.dll
0x00007ffb37f40000 - 0x00007ffb37fde000 	C:\WINDOWS\System32\msvcrt.dll
0x00007ffb38110000 - 0x00007ffb381ae000 	C:\WINDOWS\System32\sechost.dll
0x00007ffb37fe0000 - 0x00007ffb38102000 	C:\WINDOWS\System32\RPCRT4.dll
0x00007ffb377f0000 - 0x00007ffb37987000 	C:\WINDOWS\System32\USER32.dll
0x00007ffb36e20000 - 0x00007ffb36e40000 	C:\WINDOWS\System32\win32u.dll
0x00007ffb3a240000 - 0x00007ffb3a269000 	C:\WINDOWS\System32\GDI32.dll
0x00007ffb37190000 - 0x00007ffb37329000 	C:\WINDOWS\System32\gdi32full.dll
0x00007ffb36630000 - 0x00007ffb366d0000 	C:\WINDOWS\System32\msvcp_win.dll
0x00007ffb36490000 - 0x00007ffb3658a000 	C:\WINDOWS\System32\ucrtbase.dll
0x00007ffb1de70000 - 0x00007ffb1e0e9000 	C:\WINDOWS\WinSxS\amd64_microsoft.windows.common-controls_6595b64144ccf1df_6.0.17763.864_none_05b3441807210760\COMCTL32.dll
0x00007ffb379f0000 - 0x00007ffb37d1c000 	C:\WINDOWS\System32\combase.dll
0x00007ffb36410000 - 0x00007ffb3648e000 	C:\WINDOWS\System32\bcryptPrimitives.dll
0x00007ffb38d10000 - 0x00007ffb38d3e000 	C:\WINDOWS\System32\IMM32.DLL
0x000000006f780000 - 0x000000006f852000 	C:\Program Files\Java\jdk1.8.0_91\jre\bin\msvcr100.dll
0x000000006cc90000 - 0x000000006d523000 	C:\Program Files\Java\jdk1.8.0_91\jre\bin\server\jvm.dll
0x00007ffb3a270000 - 0x00007ffb3a278000 	C:\WINDOWS\System32\PSAPI.DLL
0x00007ffb1f630000 - 0x00007ffb1f639000 	C:\WINDOWS\SYSTEM32\WSOCK32.dll
0x00007ffb38ca0000 - 0x00007ffb38d0d000 	C:\WINDOWS\System32\WS2_32.dll
0x00007ffb296d0000 - 0x00007ffb296f4000 	C:\WINDOWS\SYSTEM32\WINMM.dll
0x00007ffb2c2e0000 - 0x00007ffb2c2ea000 	C:\WINDOWS\SYSTEM32\VERSION.dll
0x00007ffb29490000 - 0x00007ffb294bd000 	C:\WINDOWS\SYSTEM32\WINMMBASE.dll
0x00007ffb36590000 - 0x00007ffb365da000 	C:\WINDOWS\System32\cfgmgr32.dll
0x000000006f8a0000 - 0x000000006f8af000 	C:\Program Files\Java\jdk1.8.0_91\jre\bin\verify.dll
0x000000006f750000 - 0x000000006f779000 	C:\Program Files\Java\jdk1.8.0_91\jre\bin\java.dll
0x000000006f880000 - 0x000000006f896000 	C:\Program Files\Java\jdk1.8.0_91\jre\bin\zip.dll
0x00007ffb38d40000 - 0x00007ffb3a234000 	C:\WINDOWS\System32\SHELL32.dll
0x00007ffb37740000 - 0x00007ffb377e8000 	C:\WINDOWS\System32\shcore.dll
0x00007ffb366d0000 - 0x00007ffb36e1d000 	C:\WINDOWS\System32\windows.storage.dll
0x00007ffb363c0000 - 0x00007ffb363e4000 	C:\WINDOWS\System32\profapi.dll
0x00007ffb36360000 - 0x00007ffb363bd000 	C:\WINDOWS\System32\powrprof.dll
0x00007ffb38270000 - 0x00007ffb382c2000 	C:\WINDOWS\System32\shlwapi.dll
0x00007ffb363f0000 - 0x00007ffb36401000 	C:\WINDOWS\System32\kernel.appcore.dll
0x00007ffb36610000 - 0x00007ffb36627000 	C:\WINDOWS\System32\cryptsp.dll
0x000000006f730000 - 0x000000006f74a000 	C:\Program Files\Java\jdk1.8.0_91\jre\bin\net.dll
0x00007ffb35b50000 - 0x00007ffb35bb7000 	C:\WINDOWS\system32\mswsock.dll
0x000000006f680000 - 0x000000006f691000 	C:\Program Files\Java\jdk1.8.0_91\jre\bin\nio.dll
0x00007ffb1ab50000 - 0x00007ffb1ab76000 	C:\Users\60250\.gradle\native\29\windows-amd64\native-platform.dll
0x000000006f670000 - 0x000000006f67d000 	C:\Program Files\Java\jdk1.8.0_91\jre\bin\management.dll
0x00007ffb356d0000 - 0x00007ffb35703000 	C:\WINDOWS\system32\rsaenh.dll
0x00007ffb365e0000 - 0x00007ffb36606000 	C:\WINDOWS\System32\bcrypt.dll
0x00007ffb36270000 - 0x00007ffb36298000 	C:\WINDOWS\SYSTEM32\USERENV.dll
0x00007ffb35d20000 - 0x00007ffb35d2c000 	C:\WINDOWS\SYSTEM32\CRYPTBASE.dll
0x00007ffb35870000 - 0x00007ffb358ad000 	C:\WINDOWS\SYSTEM32\IPHLPAPI.DLL
0x00007ffb38260000 - 0x00007ffb38268000 	C:\WINDOWS\System32\NSI.dll
0x00007ffb2e770000 - 0x00007ffb2e786000 	C:\WINDOWS\SYSTEM32\dhcpcsvc6.DLL
0x00007ffb2ee60000 - 0x00007ffb2ee7c000 	C:\WINDOWS\SYSTEM32\dhcpcsvc.DLL
0x00007ffb358b0000 - 0x00007ffb35976000 	C:\WINDOWS\SYSTEM32\DNSAPI.dll

VM Arguments:
jvm_args: -Xmx1536m -Dfile.encoding=GBK -Duser.country=CN -Duser.language=zh -Duser.variant 
java_command: org.gradle.launcher.daemon.bootstrap.GradleDaemon 5.4.1
java_class_path (initial): C:\Users\60250\.gradle\wrapper\dists\gradle-5.4.1-all\3221gyojl5jsh0helicew7rwx\gradle-5.4.1\lib\gradle-launcher-5.4.1.jar
Launcher Type: SUN_STANDARD

Environment Variables:
JAVA_HOME=C:\Program Files\Java\jdk1.8.0_91
CLASSPATH=.;C:\Program Files\Java\jdk1.8.0_91\lib\tools.jar;C:\Program Files\Java\jdk1.8.0_91\lib\dt.jar;C:\Program Files\Java\jdk1.8.0_91\bin;
PATH=I:\asm;C:\Program Files (x86)\NVIDIA Corporation\PhysX\Common;;C:\Program Files (x86)\Intel\iCLS Client\;C:\Program Files\Intel\iCLS Client\;C:\ProgramData\Oracle\Java\javapath;.;C:\Program Files\Java\jdk1.8.0_91\bin;C:\Program Files\Java\jdk1.8.0_91\jre\bin;C:\WINDOWS\system32;C:\WINDOWS;C:\WINDOWS\System32\Wbem;C:\WINDOWS\System32\WindowsPowerShell\v1.0\;C:\Program Files (x86)\Windows Kits\8.1\Windows Performance Toolkit\;I:\MATLAB\runtime\win64;I:\MATLAB\bin;I:\MATLAB\polyspace\bin;C:\Program Files (x86)\Autodesk\Backburner\;C:\Program Files (x86)\Intel\Intel(R) Management Engine Components\DAL;C:\Program Files\Intel\Intel(R) Management Engine Components\DAL;C:\Program Files (x86)\Intel\Intel(R) Management Engine Components\IPT;C:\Keil_v5\C51\BIN;C:\Program Files (x86)\Microsoft SQL Server\110\Tools\Binn\;C:\Program Files\Microsoft SQL Server\110\Tools\Binn\;C:\Program Files\Microsoft SQL Server\110\DTS\Binn\;C:\Program Files\Common Files\Autodesk Shared\;C:\Program Files\Microsoft SQL Server\130\Tools\Binn\;C:\WINDOWS\System32\OpenSSH\;C:\Program Files\Intel\WiFi\bin\;C:\Program Files\Common Files\Intel\WirelessCommon\;I:\android_studio_sdk\platform-tools;I:\doxygen\bin;D:\Git\cmd;C:\Program Files (x86)\Microsoft Visual Studio\Common\Tools\WinNT;C:\Program Files (x86)\Microsoft Visual Studio\Common\MSDev98\Bin;C:\Program Files (x86)\Microsoft Visual Studio\Common\Tools;C:\Keil\C51\INC;C:\Keil\C51\LIB;C:\Keil\C51\BIN;C:\Users\60250\AppData\Local\Microsoft\WindowsApps;C:\Program Files\Git\bin;C:\Users\60250\AppData\Local\GitHubDesktop\bin;C:\Users\60250\AppData\Local\Microsoft\WindowsApps;I:\Microsoft Visual Studio\VC98\Bin;C:\Python27;C:\Users\60250\AppData\Local\Programs\Python\Python36;J:\cocos2d-x-3.16\tools\cocos2d-console\bin;I:\adb;C:\Python27\Scripts;J:\opencv\build\x64\vc14\bin;;I:\Microsoft VS Code\bin
USERNAME=joyn
OS=Windows_NT
PROCESSOR_IDENTIFIER=Intel64 Family 6 Model 60 Stepping 3, GenuineIntel



---------------  S Y S T E M  ---------------

OS: Windows 10.0 , 64 bit Build 17763 (10.0.17763.475)

CPU:total 8 (4 cores per cpu, 2 threads per core) family 6 model 60 stepping 3, cmov, cx8, fxsr, mmx, sse, sse2, sse3, ssse3, sse4.1, sse4.2, popcnt, avx, avx2, aes, clmul, erms, lzcnt, ht, tsc, tscinvbit, bmi1, bmi2

Memory: 4k page, physical 16456104k(103168k free), swap 24320420k(6284k free)

vm_info: Java HotSpot(TM) 64-Bit Server VM (25.91-b15) for windows-amd64 JRE (1.8.0_91-b15), built on May 20 2016 17:43:15 by "java_re" with MS VC++ 10.0 (VS2010)

time: Thu Nov 21 17:37:23 2019
elapsed time: 15 seconds (0d 0h 0m 15s)

